app/build/intermediates/manifest_merge_blame_file/release/manifest-merger-blame-release-report.txt
1<?xml version="1.0" encoding="utf-8"?>
2<!--
3    Copyright 2019 Google Inc. All Rights Reserved.
4
5     Licensed under the Apache License, Version 2.0 (the "License");
6     you may not use this file except in compliance with the License.
7     You may obtain a copy of the License at
8
9         http://www.apache.org/licenses/LICENSE-2.0
10
11     Unless required by applicable law or agreed to in writing, software
12     distributed under the License is distributed on an "AS IS" BASIS,
13     WITHOUT WARRANTIES OR CONDITIONS OF ANY KIND, either express or implied.
14     See the License for the specific language governing permissions and
15     limitations under the License.
16-->
17<!--
18 The "package" attribute is rewritten by the Gradle build with the value of applicationId.
19     It is still required here, as it is used to derive paths, for instance when referring
20     to an Activity by ".MyActivity" instead of the full name. If more Activities are added to the
21     application, the package attribute will need to reflect the correct path in order to use
22     the abbreviated format.
23-->
24<manifest xmlns:android="http://schemas.android.com/apk/res/android"
25    package="in.dakshedu.app"
26    android:versionCode="2"
27    android:versionName="1" >
28
29    <uses-sdk
30        android:minSdkVersion="21"
30-->src/main/AndroidManifest.xml
31        android:targetSdkVersion="34" />
31-->src/main/AndroidManifest.xml
32
33    <queries>
33-->[com.google.androidbrowserhelper:androidbrowserhelper:2.5.0] AndroidManifest.xml:26:5-34:15
34        <intent>
34-->[com.google.androidbrowserhelper:androidbrowserhelper:2.5.0] AndroidManifest.xml:27:9-33:18
35            <action android:name="android.intent.action.VIEW" />
35-->src/main/AndroidManifest.xml:86:17-68
35-->src/main/AndroidManifest.xml:86:25-66
36
37            <category android:name="android.intent.category.BROWSABLE" />
37-->src/main/AndroidManifest.xml:88:17-77
37-->src/main/AndroidManifest.xml:88:27-75
38
39            <data android:scheme="https" />
39-->src/main/AndroidManifest.xml:89:17-90:54
39-->src/main/AndroidManifest.xml:89:23-45
40        </intent>
41    </queries>
42
43    <permission
43-->[androidx.core:core:1.9.0] AndroidManifest.xml:22:5-24:47
44        android:name="in.dakshedu.app.DYNAMIC_RECEIVER_NOT_EXPORTED_PERMISSION"
44-->[androidx.core:core:1.9.0] AndroidManifest.xml:23:9-81
45        android:protectionLevel="signature" />
45-->[androidx.core:core:1.9.0] AndroidManifest.xml:24:9-44
46
47    <uses-permission android:name="in.dakshedu.app.DYNAMIC_RECEIVER_NOT_EXPORTED_PERMISSION" />
47-->[androidx.core:core:1.9.0] AndroidManifest.xml:26:5-97
47-->[androidx.core:core:1.9.0] AndroidManifest.xml:26:22-94
48
49    <application
49-->src/main/AndroidManifest.xml:27:5-122:19
50        android:allowBackup="true"
50-->src/main/AndroidManifest.xml:28:9-35
51        android:appComponentFactory="androidx.core.app.CoreComponentFactory"
51-->[androidx.core:core:1.9.0] AndroidManifest.xml:28:18-86
52        android:icon="@mipmap/ic_launcher"
52-->src/main/AndroidManifest.xml:29:9-43
53        android:label="@string/appName"
53-->src/main/AndroidManifest.xml:30:9-40
54        android:supportsRtl="true"
54-->src/main/AndroidManifest.xml:31:9-35
55        android:theme="@style/Theme.LauncherActivity" >
55-->src/main/AndroidManifest.xml:32:9-54
56        <meta-data
56-->src/main/AndroidManifest.xml:34:9-36:58
57            android:name="asset_statements"
57-->src/main/AndroidManifest.xml:35:13-44
58            android:resource="@string/assetStatements" />
58-->src/main/AndroidManifest.xml:36:13-55
59        <meta-data
59-->src/main/AndroidManifest.xml:39:13-41:58
60            android:name="web_manifest_url"
60-->src/main/AndroidManifest.xml:40:17-48
61            android:value="@string/webManifestUrl" />
61-->src/main/AndroidManifest.xml:41:17-55
62        <meta-data
62-->src/main/AndroidManifest.xml:44:9-46:52
63            android:name="twa_generator"
63-->src/main/AndroidManifest.xml:45:13-41
64            android:value="@string/generatorApp" />
64-->src/main/AndroidManifest.xml:46:13-49
65
66        <activity
66-->src/main/AndroidManifest.xml:48:9-92:20
67            android:name="com.google.androidbrowserhelper.trusted.LauncherActivity"
67-->src/main/AndroidManifest.xml:48:19-90
68            android:exported="true"
68-->src/main/AndroidManifest.xml:50:13-36
69            android:label="@string/launcherName" >
69-->src/main/AndroidManifest.xml:49:13-49
70            <meta-data
70-->src/main/AndroidManifest.xml:51:13-52:53
71                android:name="android.support.customtabs.trusted.DEFAULT_URL"
71-->src/main/AndroidManifest.xml:51:24-85
72                android:value="@string/launchUrl" />
72-->src/main/AndroidManifest.xml:52:17-50
73            <meta-data
73-->src/main/AndroidManifest.xml:54:13-56:58
74                android:name="android.support.customtabs.trusted.STATUS_BAR_COLOR"
74-->src/main/AndroidManifest.xml:55:17-83
75                android:resource="@color/colorPrimary" />
75-->src/main/AndroidManifest.xml:56:17-55
76            <meta-data
76-->src/main/AndroidManifest.xml:58:13-60:61
77                android:name="android.support.customtabs.trusted.NAVIGATION_BAR_COLOR"
77-->src/main/AndroidManifest.xml:59:17-87
78                android:resource="@color/navigationColor" />
78-->src/main/AndroidManifest.xml:60:17-58
79            <meta-data
79-->src/main/AndroidManifest.xml:62:13-63:54
80                android:name="android.support.customtabs.trusted.SPLASH_IMAGE_DRAWABLE"
80-->src/main/AndroidManifest.xml:62:24-95
81                android:resource="@drawable/splash" />
81-->src/main/AndroidManifest.xml:63:17-52
82            <meta-data
82-->src/main/AndroidManifest.xml:65:13-66:60
83                android:name="android.support.customtabs.trusted.SPLASH_SCREEN_BACKGROUND_COLOR"
83-->src/main/AndroidManifest.xml:65:24-104
84                android:resource="@color/backgroundColor" />
84-->src/main/AndroidManifest.xml:66:17-58
85            <meta-data
85-->src/main/AndroidManifest.xml:68:13-69:71
86                android:name="android.support.customtabs.trusted.SPLASH_SCREEN_FADE_OUT_DURATION"
86-->src/main/AndroidManifest.xml:68:24-105
87                android:value="@integer/splashScreenFadeOutDuration" />
87-->src/main/AndroidManifest.xml:69:17-69
88            <meta-data
88-->src/main/AndroidManifest.xml:71:13-72:60
89                android:name="android.support.customtabs.trusted.FILE_PROVIDER_AUTHORITY"
89-->src/main/AndroidManifest.xml:71:24-97
90                android:value="@string/providerAuthority" />
90-->src/main/AndroidManifest.xml:72:17-58
91            <meta-data
91-->src/main/AndroidManifest.xml:74:13-97
92                android:name="android.app.shortcuts"
92-->src/main/AndroidManifest.xml:74:24-60
93                android:resource="@xml/shortcuts" />
93-->src/main/AndroidManifest.xml:74:61-94
94            <meta-data
94-->src/main/AndroidManifest.xml:76:13-77:56
95                android:name="android.support.customtabs.trusted.FALLBACK_STRATEGY"
95-->src/main/AndroidManifest.xml:76:24-91
96                android:value="@string/fallbackType" />
96-->src/main/AndroidManifest.xml:77:17-53
97
98            <intent-filter>
98-->src/main/AndroidManifest.xml:80:13-83:29
99                <action android:name="android.intent.action.MAIN" />
99-->src/main/AndroidManifest.xml:81:17-69
99-->src/main/AndroidManifest.xml:81:25-66
100
101                <category android:name="android.intent.category.LAUNCHER" />
101-->src/main/AndroidManifest.xml:82:17-77
101-->src/main/AndroidManifest.xml:82:27-74
102            </intent-filter>
103            <intent-filter android:autoVerify="true" >
103-->src/main/AndroidManifest.xml:85:13-91:29
103-->src/main/AndroidManifest.xml:85:28-53
104                <action android:name="android.intent.action.VIEW" />
104-->src/main/AndroidManifest.xml:86:17-68
104-->src/main/AndroidManifest.xml:86:25-66
105
106                <category android:name="android.intent.category.DEFAULT" />
106-->src/main/AndroidManifest.xml:87:17-76
106-->src/main/AndroidManifest.xml:87:27-73
107                <category android:name="android.intent.category.BROWSABLE" />
107-->src/main/AndroidManifest.xml:88:17-77
107-->src/main/AndroidManifest.xml:88:27-75
108
109                <data
109-->src/main/AndroidManifest.xml:89:17-90:54
110                    android:host="@string/hostName"
110-->src/main/AndroidManifest.xml:90:21-52
111                    android:scheme="https" />
111-->src/main/AndroidManifest.xml:89:23-45
112            </intent-filter>
113        </activity>
114        <activity android:name="com.google.androidbrowserhelper.trusted.FocusActivity" />
114-->src/main/AndroidManifest.xml:94:9-90
114-->src/main/AndroidManifest.xml:94:19-87
115        <activity
115-->src/main/AndroidManifest.xml:96:9-97:62
116            android:name="com.google.androidbrowserhelper.trusted.WebViewFallbackActivity"
116-->src/main/AndroidManifest.xml:96:19-97
117            android:configChanges="orientation|screenSize" />
117-->src/main/AndroidManifest.xml:97:13-59
118
119        <provider
119-->src/main/AndroidManifest.xml:99:9-107:20
120            android:name="androidx.core.content.FileProvider"
120-->src/main/AndroidManifest.xml:100:13-62
121            android:authorities="@string/providerAuthority"
121-->src/main/AndroidManifest.xml:101:13-60
122            android:exported="false"
122-->src/main/AndroidManifest.xml:103:13-37
123            android:grantUriPermissions="true" >
123-->src/main/AndroidManifest.xml:102:13-47
124            <meta-data
124-->src/main/AndroidManifest.xml:104:13-106:53
125                android:name="android.support.FILE_PROVIDER_PATHS"
125-->src/main/AndroidManifest.xml:105:17-67
126                android:resource="@xml/filepaths" />
126-->src/main/AndroidManifest.xml:106:17-50
127        </provider>
128
129        <service
129-->src/main/AndroidManifest.xml:109:9-120:20
130            android:name="com.google.androidbrowserhelper.trusted.DelegationService"
130-->src/main/AndroidManifest.xml:110:13-85
131            android:enabled="@bool/enableNotification"
131-->src/main/AndroidManifest.xml:111:13-55
132            android:exported="@bool/enableNotification" >
132-->src/main/AndroidManifest.xml:112:13-56
133            <intent-filter>
133-->src/main/AndroidManifest.xml:116:13-119:29
134                <action android:name="android.support.customtabs.trusted.TRUSTED_WEB_ACTIVITY_SERVICE" />
134-->src/main/AndroidManifest.xml:117:17-105
134-->src/main/AndroidManifest.xml:117:25-103
135
136                <category android:name="android.intent.category.DEFAULT" />
136-->src/main/AndroidManifest.xml:87:17-76
136-->src/main/AndroidManifest.xml:87:27-73
137            </intent-filter>
138        </service>
139
140        <provider
140-->[androidx.emoji2:emoji2:1.2.0] AndroidManifest.xml:24:9-32:20
141            android:name="androidx.startup.InitializationProvider"
141-->[androidx.emoji2:emoji2:1.2.0] AndroidManifest.xml:25:13-67
142            android:authorities="in.dakshedu.app.androidx-startup"
142-->[androidx.emoji2:emoji2:1.2.0] AndroidManifest.xml:26:13-68
143            android:exported="false" >
143-->[androidx.emoji2:emoji2:1.2.0] AndroidManifest.xml:27:13-37
144            <meta-data
144-->[androidx.emoji2:emoji2:1.2.0] AndroidManifest.xml:29:13-31:52
145                android:name="androidx.emoji2.text.EmojiCompatInitializer"
145-->[androidx.emoji2:emoji2:1.2.0] AndroidManifest.xml:30:17-75
146                android:value="androidx.startup" />
146-->[androidx.emoji2:emoji2:1.2.0] AndroidManifest.xml:31:17-49
147            <meta-data
147-->[androidx.lifecycle:lifecycle-process:2.4.1] AndroidManifest.xml:31:13-33:52
148                android:name="androidx.lifecycle.ProcessLifecycleInitializer"
148-->[androidx.lifecycle:lifecycle-process:2.4.1] AndroidManifest.xml:32:17-78
149                android:value="androidx.startup" />
149-->[androidx.lifecycle:lifecycle-process:2.4.1] AndroidManifest.xml:33:17-49
150        </provider>
151    </application>
152
153</manifest>